150122 18:57:32 mysqld_safe Starting mysqld daemon with databases from /home/ubuntu/lib/mysql/data/
150122 18:57:32 [Note] Plugin 'FEDERATED' is disabled.
150122 18:57:32 InnoDB: The InnoDB memory heap is disabled
150122 18:57:32 InnoDB: Mutexes and rw_locks use GCC atomic builtins
150122 18:57:32 InnoDB: Compressed tables use zlib 1.2.8
150122 18:57:32 InnoDB: Initializing buffer pool, size = 16.0M
150122 18:57:32 InnoDB: Completed initialization of buffer pool
InnoDB: The first specified data file ./ibdata1 did not exist:
InnoDB: a new database to be created!
150122 18:57:32  InnoDB: Setting file ./ibdata1 size to 10 MB
InnoDB: Database physically writes the file full: wait...
150122 18:57:33  InnoDB: Log file ./ib_logfile0 did not exist: new to be created
InnoDB: Setting log file ./ib_logfile0 size to 5 MB
InnoDB: Database physically writes the file full: wait...
150122 18:57:33  InnoDB: Log file ./ib_logfile1 did not exist: new to be created
InnoDB: Setting log file ./ib_logfile1 size to 5 MB
InnoDB: Database physically writes the file full: wait...
InnoDB: Doublewrite buffer not found: creating new
InnoDB: Doublewrite buffer created
InnoDB: 127 rollback segment(s) active.
InnoDB: Creating foreign key constraint system tables
InnoDB: Foreign key constraint system tables created
150122 18:57:33  InnoDB: Waiting for the background threads to start
150122 18:57:34 InnoDB: 5.5.40 started; log sequence number 0
150122 18:57:34 [Note] Server hostname (bind-address): '0.0.0.0'; port: 3306
150122 18:57:34 [Note]   - '0.0.0.0' resolves to '0.0.0.0';
150122 18:57:34 [Note] Server socket created on IP: '0.0.0.0'.
150122 18:57:34 [Note] Event Scheduler: Loaded 0 events
150122 18:57:34 [Note] /usr/sbin/mysqld: ready for connections.
Version: '5.5.40-0ubuntu0.14.04.1'  socket: '/home/ubuntu/lib/mysql/socket/mysql.sock'  port: 3306  (Ubuntu)
150122 18:57:34 [Note] /usr/sbin/mysqld: Normal shutdown

150122 18:57:34 [Note] Event Scheduler: Purging the queue. 0 events
150122 18:57:34  InnoDB: Starting shutdown...
150122 18:57:35  InnoDB: Shutdown completed; log sequence number 1595675
150122 18:57:35 [Note] /usr/sbin/mysqld: Shutdown complete

150122 18:57:35 mysqld_safe mysqld from pid file /home/ubuntu/lib/mysql/pid/mysql.pid ended
150122 21:09:49 mysqld_safe Starting mysqld daemon with databases from /home/ubuntu/lib/mysql/data/
150122 21:09:49 [Note] Plugin 'FEDERATED' is disabled.
150122 21:09:49 InnoDB: The InnoDB memory heap is disabled
150122 21:09:49 InnoDB: Mutexes and rw_locks use GCC atomic builtins
150122 21:09:49 InnoDB: Compressed tables use zlib 1.2.8
150122 21:09:49 InnoDB: Initializing buffer pool, size = 16.0M
150122 21:09:49 InnoDB: Completed initialization of buffer pool
150122 21:09:49 InnoDB: highest supported file format is Barracuda.
150122 21:09:49  InnoDB: Waiting for the background threads to start
150122 21:09:50 InnoDB: 5.5.40 started; log sequence number 1595675
150122 21:09:50 [Note] Server hostname (bind-address): '0.0.0.0'; port: 3306
150122 21:09:50 [Note]   - '0.0.0.0' resolves to '0.0.0.0';
150122 21:09:50 [Note] Server socket created on IP: '0.0.0.0'.
150122 21:09:50 [Note] Event Scheduler: Loaded 0 events
150122 21:09:50 [Note] /usr/sbin/mysqld: ready for connections.
Version: '5.5.40-0ubuntu0.14.04.1'  socket: '/home/ubuntu/lib/mysql/socket/mysql.sock'  port: 3306  (Ubuntu)
150127 20:29:01  InnoDB: Error: in ALTER TABLE `c9`.`Eleve`
InnoDB: has or is referenced in foreign key constraints
InnoDB: which are not compatible with the new table definition.
150128 16:29:44 mysqld_safe Starting mysqld daemon with databases from /home/ubuntu/lib/mysql/data/
150128 16:29:44 [Note] Plugin 'FEDERATED' is disabled.
150128 16:29:44 InnoDB: The InnoDB memory heap is disabled
150128 16:29:44 InnoDB: Mutexes and rw_locks use GCC atomic builtins
150128 16:29:44 InnoDB: Compressed tables use zlib 1.2.8
150128 16:29:44 InnoDB: Initializing buffer pool, size = 16.0M
150128 16:29:44 InnoDB: Completed initialization of buffer pool
150128 16:29:44 InnoDB: highest supported file format is Barracuda.
InnoDB: The log sequence number in ibdata files does not match
InnoDB: the log sequence number in the ib_logfiles!
150128 16:29:44  InnoDB: Database was not shut down normally!
InnoDB: Starting crash recovery.
InnoDB: Reading tablespace information from the .ibd files...
InnoDB: Restoring possible half-written data pages from the doublewrite
InnoDB: buffer...
150128 16:29:44  InnoDB: Waiting for the background threads to start
150128 16:29:45 InnoDB: 5.5.40 started; log sequence number 2107550
150128 16:29:45 [Note] Server hostname (bind-address): '0.0.0.0'; port: 3306
150128 16:29:45 [Note]   - '0.0.0.0' resolves to '0.0.0.0';
150128 16:29:45 [Note] Server socket created on IP: '0.0.0.0'.
150128 16:29:45 [Note] Event Scheduler: Loaded 0 events
150128 16:29:45 [Note] /usr/sbin/mysqld: ready for connections.
Version: '5.5.40-0ubuntu0.14.04.1'  socket: '/home/ubuntu/lib/mysql/socket/mysql.sock'  port: 3306  (Ubuntu)
150128 16:53:11  InnoDB: Error: in ALTER TABLE `c9`.`Reunion`
InnoDB: has or is referenced in foreign key constraints
InnoDB: which are not compatible with the new table definition.
150128 17:05:59  InnoDB: Error: in ALTER TABLE `c9`.`Eleve`
InnoDB: has or is referenced in foreign key constraints
InnoDB: which are not compatible with the new table definition.

Status information:

Current dir: /home/ubuntu/lib/mysql/data/
Running threads: 0  Stack size: 262144
Current locks:
lock: 0x7fca600125d0:

lock: 0x7fca6c007160:

lock: 0x7fca6c01eb50:

lock: 0x7fca6c00ae10:

lock: 0x7fca8e922a40:

lock: 0x7fca8e922f80:

lock: 0x7fca8e923040:

lock: 0x7fca8e923100:

lock: 0x7fca8e922b00:

lock: 0x7fca8e922bc0:

lock: 0x7fca8e922980:

lock: 0x7fca8e922800:

lock: 0x7fca8e9228c0:

lock: 0x7fca8e9231c0:

lock: 0x7fca8e922c80:

lock: 0x7fca8e922ec0:

lock: 0x7fca8e922e00:

lock: 0x7fca8e922d40:

lock: 0x7fca8e9225c0:

lock: 0x7fca8e922680:

lock: 0x7fca8e922740:


Key caches:
default
Buffer_size:         16384
Block_size:           1024
Division_limit:        100
Age_limit:             300
blocks used:             0
not flushed:             0
w_requests:              0
writes:                  0
r_requests:              0
reads:                   0


handler status:
read_key:          236
read_next:          46
read_rnd           120
read_first:        252
write:           10093
delete               1
update:              2

Table status:
Opened tables:        237
Open tables:            4
Open files:             0
Open streams:           0

Alarm status:
Active alarms:   0
Max used alarms: 0
Next alarm time: 0

Memory status:
Non-mmapped space allocated from system: 7819264
Number of free chunks:			 164
Number of fastbin blocks:		 14
Number of mmapped regions:		 10
Space in mmapped regions:		 16228352
Maximum total allocated space:		 0
Space available in freed fastbin blocks: 560
Total allocated space:			 5726176
Total free space:			 2093088
Top-most, releasable space:		 65104
Estimated memory (with thread stack):    24047616



Events status:
LLA = Last Locked At  LUA = Last Unlocked At
WOC = Waiting On Condition  DL = Data Locked

Event scheduler status:
State      : INITIALIZED
Thread id  : 0
LLA        : n/a:0
LUA        : n/a:0
WOC        : NO
Workers    : 0
Executed   : 0
Data locked: NO

Event queue status:
Element count   : 0
Data locked     : NO
Attempting lock : NO
LLA             : init_queue:139
LUA             : init_queue:149
WOC             : NO
Next activation : never
150130 21:01:41 mysqld_safe Starting mysqld daemon with databases from /home/ubuntu/lib/mysql/data/
150130 21:01:41 [Note] Plugin 'FEDERATED' is disabled.
150130 21:01:41 InnoDB: The InnoDB memory heap is disabled
150130 21:01:41 InnoDB: Mutexes and rw_locks use GCC atomic builtins
150130 21:01:41 InnoDB: Compressed tables use zlib 1.2.8
150130 21:01:41 InnoDB: Initializing buffer pool, size = 16.0M
150130 21:01:41 InnoDB: Completed initialization of buffer pool
150130 21:01:41 InnoDB: highest supported file format is Barracuda.
InnoDB: The log sequence number in ibdata files does not match
InnoDB: the log sequence number in the ib_logfiles!
150130 21:01:41  InnoDB: Database was not shut down normally!
InnoDB: Starting crash recovery.
InnoDB: Reading tablespace information from the .ibd files...
InnoDB: Restoring possible half-written data pages from the doublewrite
InnoDB: buffer...
150130 21:01:41  InnoDB: Waiting for the background threads to start
150130 21:01:42 InnoDB: 5.5.40 started; log sequence number 2223848
150130 21:01:42 [Note] Server hostname (bind-address): '0.0.0.0'; port: 3306
150130 21:01:42 [Note]   - '0.0.0.0' resolves to '0.0.0.0';
150130 21:01:42 [Note] Server socket created on IP: '0.0.0.0'.
150130 21:01:42 [Note] Event Scheduler: Loaded 0 events
150130 21:01:42 [Note] /usr/sbin/mysqld: ready for connections.
Version: '5.5.40-0ubuntu0.14.04.1'  socket: '/home/ubuntu/lib/mysql/socket/mysql.sock'  port: 3306  (Ubuntu)

Status information:

Current dir: /home/ubuntu/lib/mysql/data/
Running threads: 0  Stack size: 262144
Current locks:
lock: 0x7f909efddf80:

lock: 0x7f909efd85a0:

lock: 0x7f909efd3dd0:

lock: 0x7f909e706a40:

lock: 0x7f909e706f80:

lock: 0x7f909e707040:

lock: 0x7f909e707100:

lock: 0x7f909e706b00:

lock: 0x7f909e706bc0:

lock: 0x7f909e706980:

lock: 0x7f909e706800:

lock: 0x7f909e7068c0:

lock: 0x7f909e7071c0:

lock: 0x7f909e706c80:

lock: 0x7f909e706ec0:

lock: 0x7f909e706e00:

lock: 0x7f909e706d40:

lock: 0x7f909e7065c0:

lock: 0x7f909e706680:

lock: 0x7f909e706740:


Key caches:
default
Buffer_size:         16384
Block_size:           1024
Division_limit:        100
Age_limit:             300
blocks used:             0
not flushed:             0
w_requests:              0
writes:                  0
r_requests:              0
reads:                   0


handler status:
read_key:            0
read_next:           0
read_rnd             0
read_first:          3
write:               0
delete               0
update:              0

Table status:
Opened tables:         35
Open tables:            4
Open files:             6
Open streams:           0

Alarm status:
Active alarms:   0
Max used alarms: 0
Next alarm time: 0

Memory status:
Non-mmapped space allocated from system: 5976064
Number of free chunks:			 57
Number of fastbin blocks:		 15
Number of mmapped regions:		 10
Space in mmapped regions:		 16228352
Maximum total allocated space:		 0
Space available in freed fastbin blocks: 1088
Total allocated space:			 5600272
Total free space:			 375792
Top-most, releasable space:		 46992
Estimated memory (with thread stack):    22204416



Events status:
LLA = Last Locked At  LUA = Last Unlocked At
WOC = Waiting On Condition  DL = Data Locked

Event scheduler status:
State      : INITIALIZED
Thread id  : 0
LLA        : n/a:0
LUA        : n/a:0
WOC        : NO
Workers    : 0
Executed   : 0
Data locked: NO

Event queue status:
Element count   : 0
Data locked     : NO
Attempting lock : NO
LLA             : init_queue:139
LUA             : init_queue:149
WOC             : NO
Next activation : never
